Arguments: 
  /Users/bro/.nvm/versions/node/v8.9.4/bin/node /usr/local/Cellar/yarn/1.5.1_1/libexec/bin/yarn.js test

PATH: 
  /Users/bro/.nvm/versions/node/v8.9.4/bin:/usr/local/bin:/usr/bin:/bin:/usr/sbin:/sbin:/Users/bro/Library/Android/sdk/tools:/Users/bro/Library/Android/sdk/platform-tools:/Users/bro/Library/Android/sdk/tools:/Users/bro/Library/Android/sdk/platform-tools

Yarn version: 
  1.5.1

Node version: 
  8.9.4

Platform: 
  darwin x64

npm manifest: 
  {
    "name": "tennis",
    "version": "1.0.0",
    "description": "This Kata is about implementing a simple tennis game. I came up with it while thinking about Wii tennis, where they have simplified tennis, so each set is one game.",
    "main": "index.js",
    "scripts": {
      "test": "test": "mocha"
    },
    "repository": {
      "type": "git",
      "url": "git+https://github.com/sbstnbr/kata-tennis.git"
    },
    "author": "",
    "license": "ISC",
    "bugs": {
      "url": "https://github.com/sbstnbr/kata-tennis/issues"
    },
    "homepage": "https://github.com/sbstnbr/kata-tennis#readme",
    "devDependencies": {
      "mocha": "^5.0.5"
    }
  }

yarn manifest: 
  No manifest

Lockfile: 
  No lockfile

Trace: 
  SyntaxError: /Users/bro/Dev/projects/DF/Katas/tennis/package.json: Unexpected token : in JSON at position 284
      at JSON.parse (<anonymous>)
      at /usr/local/Cellar/yarn/1.5.1_1/libexec/lib/cli.js:1036:59
      at Generator.next (<anonymous>)
      at step (/usr/local/Cellar/yarn/1.5.1_1/libexec/lib/cli.js:98:30)
      at /usr/local/Cellar/yarn/1.5.1_1/libexec/lib/cli.js:109:13
      at <anonymous>
